<?xml version="1.0" encoding="UTF-8"?>
<!-- Generated by org.testng.reporters.JUnitReportReporter -->
<testsuite hostname="LTIN509717" failures="0" tests="30" name="testScenario.Global_IT" time="303.851" errors="0" timestamp="2024-04-03T08:34:47 IST" skipped="0">
  <testcase classname="testScenario.Global_IT" name="captureUserInfo" time="51.299"/>
  <testcase classname="testScenario.Global_IT" name="captureUserInfo" time="52.462"/>
  <testcase classname="testScenario.Global_IT" name="clickOnIT" time="5.928"/>
  <testcase classname="testScenario.Global_IT" name="clickOnIT" time="6.059"/>
  <testcase classname="testScenario.Global_IT" name="exploreApps" time="38.612"/>
  <testcase classname="testScenario.Global_IT" name="exploreApps" time="34.565"/>
  <testcase classname="testScenario.Global_IT" name="validateApps" time="0.467"/>
  <testcase classname="testScenario.Global_IT" name="validateApps" time="0.166"/>
  <testcase classname="testScenario.Global_IT" name="validateApps" time="4.073"/>
  <testcase classname="testScenario.Global_IT" name="validateApps" time="0.195"/>
  <testcase classname="testScenario.Global_IT" name="validateApps" time="0.236"/>
  <testcase classname="testScenario.Global_IT" name="validateApps" time="0.212"/>
  <testcase classname="testScenario.Global_IT" name="validateApps" time="0.207"/>
  <testcase classname="testScenario.Global_IT" name="validateApps" time="0.175"/>
  <testcase classname="testScenario.Global_IT" name="validateApps" time="0.285"/>
  <testcase classname="testScenario.Global_IT" name="validateApps" time="0.209"/>
  <testcase classname="testScenario.Global_IT" name="verifyNewsAvailability" time="2.077"/>
  <testcase classname="testScenario.Global_IT" name="verifyNewsAvailability" time="1.316"/>
  <testcase classname="testScenario.Global_IT" name="verifyAwardsAvailability" time="0.463"/>
  <testcase classname="testScenario.Global_IT" name="verifyAwardsAvailability" time="0.849"/>
  <testcase classname="testScenario.Global_IT" name="displayNewsCount" time="0.489"/>
  <testcase classname="testScenario.Global_IT" name="displayNewsCount" time="0.399"/>
  <testcase classname="testScenario.Global_IT" name="validateNewsHeaderAndTooltip" time="0.633"/>
  <testcase classname="testScenario.Global_IT" name="validateNewsHeaderAndTooltip" time="0.945"/>
  <testcase classname="testScenario.Global_IT" name="displayAwards" time="18.584"/>
  <testcase classname="testScenario.Global_IT" name="displayAwards" time="16.010"/>
  <testcase classname="testScenario.Global_IT" name="displayAwards" time="16.643"/>
  <testcase classname="testScenario.Global_IT" name="displayAwards" time="16.531"/>
  <testcase classname="testScenario.Global_IT" name="displayAwards" time="16.819"/>
  <testcase classname="testScenario.Global_IT" name="displayAwards" time="16.943"/>
</testsuite> <!-- testScenario.Global_IT -->
