<?xml version="1.0" encoding="UTF-8"?>
<!-- Generated by org.testng.reporters.JUnitReportReporter -->
<testsuite hostname="LTIN509717" failures="0" tests="30" name="testScenario.Global_IT" time="310.836" errors="0" timestamp="2024-04-02T15:32:53 IST" skipped="0">
  <testcase classname="testScenario.Global_IT" name="captureUserInfo" time="50.561"/>
  <testcase classname="testScenario.Global_IT" name="captureUserInfo" time="51.512"/>
  <testcase classname="testScenario.Global_IT" name="clickOnIT" time="5.507"/>
  <testcase classname="testScenario.Global_IT" name="clickOnIT" time="21.165"/>
  <testcase classname="testScenario.Global_IT" name="exploreApps" time="35.939"/>
  <testcase classname="testScenario.Global_IT" name="exploreApps" time="41.818"/>
  <testcase classname="testScenario.Global_IT" name="validateApps" time="0.094"/>
  <testcase classname="testScenario.Global_IT" name="validateApps" time="0.019"/>
  <testcase classname="testScenario.Global_IT" name="validateApps" time="0.009"/>
  <testcase classname="testScenario.Global_IT" name="validateApps" time="0.027"/>
  <testcase classname="testScenario.Global_IT" name="validateApps" time="0.061"/>
  <testcase classname="testScenario.Global_IT" name="validateApps" time="0.042"/>
  <testcase classname="testScenario.Global_IT" name="validateApps" time="0.008"/>
  <testcase classname="testScenario.Global_IT" name="validateApps" time="0.049"/>
  <testcase classname="testScenario.Global_IT" name="validateApps" time="0.061"/>
  <testcase classname="testScenario.Global_IT" name="validateApps" time="0.100"/>
  <testcase classname="testScenario.Global_IT" name="verifyNewsAvailability" time="1.851"/>
  <testcase classname="testScenario.Global_IT" name="verifyNewsAvailability" time="1.636"/>
  <testcase classname="testScenario.Global_IT" name="verifyAwardsAvailability" time="0.317"/>
  <testcase classname="testScenario.Global_IT" name="verifyAwardsAvailability" time="0.509"/>
  <testcase classname="testScenario.Global_IT" name="displayNewsCount" time="0.382"/>
  <testcase classname="testScenario.Global_IT" name="displayNewsCount" time="0.272"/>
  <testcase classname="testScenario.Global_IT" name="validateNewsHeaderAndTooltip" time="0.749"/>
  <testcase classname="testScenario.Global_IT" name="validateNewsHeaderAndTooltip" time="0.478"/>
  <testcase classname="testScenario.Global_IT" name="displayAwards" time="16.258"/>
  <testcase classname="testScenario.Global_IT" name="displayAwards" time="15.666"/>
  <testcase classname="testScenario.Global_IT" name="displayAwards" time="16.979"/>
  <testcase classname="testScenario.Global_IT" name="displayAwards" time="16.077"/>
  <testcase classname="testScenario.Global_IT" name="displayAwards" time="16.398"/>
  <testcase classname="testScenario.Global_IT" name="displayAwards" time="16.292"/>
</testsuite> <!-- testScenario.Global_IT -->
